[02:00:04] [main/INFO]: Loading for game Minecraft 1.18
[02:00:04] [main/WARN]: Warnings were found!
 - Mod 'Fabric Rendering Fluids (v1)' (fabric-rendering-fluids-v1) 0.1.18+3ac43d95c8 recommends any version of fabric-textures-v0, which is disabled for this environment (client/server only)!
	 - You should install any version of fabric-textures-v0 for the optimal experience.
[02:00:04] [main/INFO]: Loading 39 mods:
	- fabric 0.44.0+1.18
	- fabric-api-base 0.4.1+b4f4f6cdc8 via fabric
	- fabric-api-lookup-api-v1 1.4.0+16d92c47c8 via fabric
	- fabric-biome-api-v1 6.0.1+ded849a9c8 via fabric
	- fabric-command-api-v1 1.1.6+3ac43d95c8 via fabric
	- fabric-commands-v0 0.2.5+b4f4f6cdc8 via fabric
	- fabric-containers-v0 0.1.18+d154e2c6c8 via fabric
	- fabric-content-registries-v0 0.4.5+6f53a73dc8 via fabric
	- fabric-crash-report-info-v1 0.1.8+3ac43d95c8 via fabric
	- fabric-dimensions-v1 2.1.7+43d29571c8 via fabric
	- fabric-entity-events-v1 1.4.5+6b21378ac8 via fabric
	- fabric-events-interaction-v0 0.4.16+bfa23f17c8 via fabric
	- fabric-events-lifecycle-v0 0.2.6+b4f4f6cdc8 via fabric
	- fabric-game-rule-api-v1 1.0.10+3ac43d95c8 via fabric
	- fabric-item-api-v1 1.3.0+691a79b5c8 via fabric
	- fabric-item-groups-v0 0.3.3+3ac43d95c8 via fabric
	- fabric-lifecycle-events-v1 1.4.10+c15ca335c8 via fabric
	- fabric-loot-tables-v1 1.0.8+3ac43d95c8 via fabric
	- fabric-mining-level-api-v1 1.0.3+3ac43d95c8 via fabric
	- fabric-mining-levels-v0 0.1.7+b4f4f6cdc8 via fabric
	- fabric-networking-api-v1 1.0.18+3ac43d95c8 via fabric
	- fabric-networking-v0 0.3.5+b4f4f6cdc8 via fabric
	- fabric-object-builder-api-v1 1.11.0+3b82842ec8 via fabric
	- fabric-object-builders-v0 0.7.8+3ac43d95c8 via fabric
	- fabric-particles-v1 0.2.9+526dc1acc8 via fabric
	- fabric-registry-sync-v0 0.8.5+3ac43d95c8 via fabric
	- fabric-rendering-data-attachment-v1 0.3.4+7242e9d7c8 via fabric
	- fabric-rendering-fluids-v1 0.1.18+3ac43d95c8 via fabric
	- fabric-resource-loader-v0 0.4.11+3ac43d95c8 via fabric
	- fabric-screen-handler-api-v1 1.1.11+3ac43d95c8 via fabric
	- fabric-structure-api-v1 2.0.8+295197a7c8 via fabric
	- fabric-tag-extensions-v0 1.2.5+3ac43d95c8 via fabric
	- fabric-tool-attribute-api-v1 1.3.4+7de09f55c8 via fabric
	- fabric-transfer-api-v1 1.5.5+b4f4f6cdc8 via fabric
	- fabricloader 0.12.8
	- java 17
	- minecraft 1.18
	- xaerominimap 21.22.3
	- xaeroworldmap 1.18.4
[02:00:04] [main/INFO]: SpongePowered MIXIN Subsystem Version=0.8.4 Source=file:/C:/Users/migue/Documents/Minecraft/lake-champignon/libraries/net/fabricmc/sponge-mixin/0.10.7+mixin.0.8.4/sponge-mixin-0.10.7+mixin.0.8.4.jar Service=Knot/Fabric Env=SERVER
[02:00:04] [main/INFO]: Compatibility level set to JAVA_16
[02:00:08] [main/WARN]: @Inject(@At("INVOKE")) Shift.BY=3 on fabric-lifecycle-events-v1.mixins.json:server.WorldChunkMixin::handler$zca000$onLoadBlockEntity exceeds the maximum allowed value: 0. Increase the value of maxShiftBy to suppress this warning.
[02:00:10] [main/INFO]: Loading Xaero's Minimap - Stage 1/2 (Server)
[02:00:10] [main/INFO]: Loading Xaero's World Map - Stage 1/2 (Server)
[02:00:10] [main/INFO]: Environment: authHost='https://authserver.mojang.com', accountsHost='https://api.mojang.com', sessionHost='https://sessionserver.mojang.com', servicesHost='https://api.minecraftservices.com', name='PROD'
[02:00:11] [main/WARN]: Ambiguity between arguments [teleport, location] and [teleport, destination] with inputs: [0.1 -0.5 .9, 0 0 0]
[02:00:11] [main/WARN]: Ambiguity between arguments [teleport, location] and [teleport, targets] with inputs: [0.1 -0.5 .9, 0 0 0]
[02:00:11] [main/WARN]: Ambiguity between arguments [teleport, destination] and [teleport, targets] with inputs: [Player, 0123, @e, dd12be42-52a9-4a91-a8a1-11c01849e498]
[02:00:11] [main/WARN]: Ambiguity between arguments [teleport, targets] and [teleport, destination] with inputs: [Player, 0123, dd12be42-52a9-4a91-a8a1-11c01849e498]
[02:00:11] [main/WARN]: Ambiguity between arguments [teleport, targets, location] and [teleport, targets, destination] with inputs: [0.1 -0.5 .9, 0 0 0]
[02:00:11] [main/INFO]: Reloading ResourceManager: Default, Fabric Mods (Fabric Tool Attribute API (v1)), VanillaTweaks_c647781.zip, anti enderman grief v1.1.0.zip, coordinates hud v1.2.0.zip, durability ping v1.1.0.zip, kill empty boats v1.1.1.zip, more mob heads v2.9.1.zip, nether portal coords v1.1.0.zip, player head drops v1.1.0.zip, silence mobs v1.1.0.zip, wandering trades hermit edition v1.5.0.zip
[02:00:12] [Worker-Main-17/INFO]: Loaded 7 recipes
[02:00:12] [Worker-Main-17/WARN]: Found validation problem in {minecraft:entities/ender_dragon}.pools[0].entries[0]: Unknown loot table called minecraft:entities/reference/extra/ender_dragon
[02:00:12] [Worker-Main-17/WARN]: Found validation problem in {minecraft:entities/shulker}.pools[2].entries[0]: Unknown loot table called minecraft:entities/reference/extra/shulker
[02:00:13] [Worker-Main-17/INFO]: Loaded 1223 advancements
[02:00:15] [main/INFO]: Applied 0 biome modifications to 0 of 61 new biomes in 2.257 ms
[02:00:15] [main/INFO]: [fabric-registry-sync] Loaded registry data [file 1/4]
[02:00:17] [Server thread/INFO]: Starting minecraft server version 1.18
[02:00:17] [Server thread/INFO]: Loading properties
[02:00:17] [Server thread/INFO]: Default game type: SURVIVAL
[02:00:17] [Server thread/INFO]: Generating keypair
[02:00:17] [Server thread/INFO]: Starting Minecraft server on *:25565
[02:00:17] [Server thread/INFO]: Using default channel type
[02:00:18] [Server thread/INFO]: Preparing level "lake-champignon"
[02:00:18] [Server thread/INFO]: Preparing start region for dimension minecraft:overworld
[02:00:23] [Worker-Main-25/INFO]: Preparing spawn area: 0%
[02:00:23] [Worker-Main-25/INFO]: Preparing spawn area: 0%
[02:00:23] [Worker-Main-30/INFO]: Preparing spawn area: 0%
[02:00:23] [Worker-Main-30/INFO]: Preparing spawn area: 0%
[02:00:23] [Worker-Main-30/INFO]: Preparing spawn area: 0%
[02:00:23] [Worker-Main-30/INFO]: Preparing spawn area: 0%
[02:00:23] [Worker-Main-30/INFO]: Preparing spawn area: 0%
[02:00:23] [Worker-Main-25/INFO]: Preparing spawn area: 0%
[02:00:23] [Worker-Main-25/INFO]: Preparing spawn area: 0%
[02:00:23] [Worker-Main-25/INFO]: Preparing spawn area: 0%
[02:00:23] [Worker-Main-30/INFO]: Preparing spawn area: 0%
[02:00:24] [Worker-Main-25/INFO]: Preparing spawn area: 0%
[02:00:24] [Worker-Main-19/INFO]: Preparing spawn area: 0%
[02:00:25] [Worker-Main-19/INFO]: Preparing spawn area: 0%
[02:00:25] [Worker-Main-26/INFO]: Preparing spawn area: 0%
[02:00:26] [Worker-Main-23/INFO]: Preparing spawn area: 0%
[02:00:26] [Worker-Main-26/INFO]: Preparing spawn area: 0%
[02:00:27] [Worker-Main-30/INFO]: Preparing spawn area: 0%
[02:00:27] [Worker-Main-26/INFO]: Preparing spawn area: 0%
[02:00:28] [Worker-Main-22/INFO]: Preparing spawn area: 0%
[02:00:28] [Worker-Main-20/INFO]: Preparing spawn area: 0%
[02:00:29] [Worker-Main-27/INFO]: Preparing spawn area: 0%
[02:00:29] [Worker-Main-27/INFO]: Preparing spawn area: 0%
[02:00:30] [Worker-Main-25/INFO]: Preparing spawn area: 1%
[02:00:30] [Worker-Main-29/INFO]: Preparing spawn area: 1%
[02:00:31] [Worker-Main-25/INFO]: Preparing spawn area: 2%
[02:00:31] [Worker-Main-28/INFO]: Preparing spawn area: 3%
[02:00:32] [Worker-Main-28/INFO]: Preparing spawn area: 4%
[02:00:32] [Worker-Main-17/INFO]: Preparing spawn area: 4%
[02:00:33] [Worker-Main-28/INFO]: Preparing spawn area: 4%
[02:00:33] [Worker-Main-29/INFO]: Preparing spawn area: 4%
[02:00:34] [Worker-Main-27/INFO]: Preparing spawn area: 4%
[02:00:34] [Worker-Main-17/INFO]: Preparing spawn area: 5%
[02:00:35] [Worker-Main-18/INFO]: Preparing spawn area: 6%
[02:00:35] [Worker-Main-18/INFO]: Preparing spawn area: 8%
[02:00:36] [Worker-Main-26/INFO]: Preparing spawn area: 9%
[02:00:36] [Worker-Main-23/INFO]: Preparing spawn area: 10%
[02:00:37] [Worker-Main-30/INFO]: Preparing spawn area: 11%
[02:00:37] [Worker-Main-26/INFO]: Preparing spawn area: 14%
[02:00:38] [Worker-Main-29/INFO]: Preparing spawn area: 17%
[02:00:38] [Worker-Main-17/INFO]: Preparing spawn area: 23%
[02:00:39] [Worker-Main-20/INFO]: Preparing spawn area: 27%
[02:00:39] [Worker-Main-26/INFO]: Preparing spawn area: 32%
[02:00:40] [Worker-Main-17/INFO]: Preparing spawn area: 35%
[02:00:40] [Worker-Main-21/INFO]: Preparing spawn area: 42%
[02:00:41] [Worker-Main-16/INFO]: Preparing spawn area: 44%
[02:00:41] [Worker-Main-22/INFO]: Preparing spawn area: 47%
[02:00:42] [Worker-Main-24/INFO]: Preparing spawn area: 49%
[02:00:42] [Worker-Main-24/INFO]: Preparing spawn area: 53%
[02:00:43] [Worker-Main-30/INFO]: Preparing spawn area: 58%
[02:00:43] [Worker-Main-16/INFO]: Preparing spawn area: 62%
[02:00:44] [Worker-Main-26/INFO]: Preparing spawn area: 70%
[02:00:44] [Worker-Main-20/INFO]: Preparing spawn area: 76%
[02:00:45] [Worker-Main-18/INFO]: Preparing spawn area: 82%
[02:00:45] [Worker-Main-22/INFO]: Preparing spawn area: 84%
[02:00:46] [Worker-Main-18/INFO]: Preparing spawn area: 88%
[02:00:46] [Worker-Main-18/INFO]: Preparing spawn area: 95%
[02:00:47] [Worker-Main-28/INFO]: Preparing spawn area: 99%
[02:00:47] [Server thread/INFO]: Time elapsed: 28556 ms
[02:00:47] [Server thread/INFO]: Done (28.894s)! For help, type "help"
[02:00:47] [Server thread/INFO]: Loading Xaero's Minimap - Stage 2/2 (Server)
[02:00:47] [Server thread/INFO]: Loading Xaero's World Map - Stage 2/2 (Server)
[02:03:45] [User Authenticator #1/INFO]: UUID of player pasadinhas is b9669fc1-c7b5-408a-a1c3-b78aa3e16e55
[02:03:45] [Server thread/INFO]: pasadinhas[/127.0.0.1:55968] logged in with entity id 118 at (-148.5, 65.0, 232.5)
[02:03:45] [Server thread/INFO]: pasadinhas joined the game
[02:03:51] [Server thread/WARN]: Can't keep up! Is the server overloaded? Running 5739ms or 114 ticks behind
[02:18:06] [Server thread/INFO]: pasadinhas lost connection: Disconnected
[02:18:06] [Server thread/INFO]: pasadinhas left the game
[02:18:33] [Server thread/INFO]: Stopping the server
[02:18:33] [Server thread/INFO]: Stopping server
[02:18:33] [Server thread/INFO]: Saving players
[02:18:33] [Server thread/INFO]: Saving worlds
[02:18:33] [Server thread/INFO]: Saving chunks for level 'ServerLevel[lake-champignon]'/minecraft:overworld
[02:18:33] [Server thread/INFO]: Saving chunks for level 'ServerLevel[lake-champignon]'/minecraft:the_nether
[02:18:33] [Server thread/INFO]: Saving chunks for level 'ServerLevel[lake-champignon]'/minecraft:the_end
[02:18:33] [Server thread/INFO]: ThreadedAnvilChunkStorage (lake-champignon): All chunks are saved
[02:18:33] [Server thread/INFO]: ThreadedAnvilChunkStorage (DIM-1): All chunks are saved
[02:18:33] [Server thread/INFO]: ThreadedAnvilChunkStorage (DIM1): All chunks are saved
[02:18:33] [Server thread/INFO]: ThreadedAnvilChunkStorage: All dimensions are saved
